# JRE version: OpenJDK Runtime Environment (21.0.5) (build 21.0.5+-13047016-b750.29)
# Java VM: OpenJDK 64-Bit Server VM (21.0.5+-13047016-b750.29, mixed mode, tiered, compressed oops, compressed class ptrs, g1 gc, windows-amd64)
GC Precious Log:
 CardTable entry size: 512
 Card Set container configuration: InlinePtr #cards 5 size 8 Array Of Cards #cards 12 size 40 Howl #buckets 4 coarsen threshold 1843 Howl Bitmap #cards 512 size 80 coarsen threshold 460 Card regions per heap region 1 cards per card region 2048
 CPUs: 4 total, 4 available
 Memory: 7991M
 Large Page Support: Disabled
 NUMA Support: Disabled
 Compressed Oops: Enabled (32-bit)
 Heap Region Size: 1M
 Heap Min Capacity: 8M
 Heap Initial Capacity: 126M
 Heap Max Capacity: 2G
 Pre-touch: Disabled
 Parallel Workers: 4
 Concurrent Workers: 1
 Concurrent Refinement Workers: 4
 Periodic GC: Disabled
Heap:
 garbage-first heap   total 360448K, used 259474K [0x0000000080000000, 0x0000000100000000)
  region size 1024K, 121 young (123904K), 4 survivors (4096K)
 Metaspace       used 150513K, committed 152960K, reserved 1245184K
  class space    used 19958K, committed 21184K, reserved 1048576K
GC Heap History (20 events):
Event: 27.707 GC heap before
{Heap before GC invocations=53 (full 0):
 garbage-first heap   total 193536K, used 183247K [0x0000000080000000, 0x0000000100000000)
  region size 1024K, 70 young (71680K), 5 survivors (5120K)
 Metaspace       used 113388K, committed 115584K, reserved 1179648K
  class space    used 15428K, committed 16512K, reserved 1048576K
}
Event: 27.728 GC heap after
{Heap after GC invocations=54 (full 0):
 garbage-first heap   total 208896K, used 129024K [0x0000000080000000, 0x0000000100000000)
  region size 1024K, 9 young (9216K), 9 survivors (9216K)
 Metaspace       used 113388K, committed 115584K, reserved 1179648K
  class space    used 15428K, committed 16512K, reserved 1048576K
}
Event: 28.711 GC heap before
{Heap before GC invocations=54 (full 0):
 garbage-first heap   total 208896K, used 185344K [0x0000000080000000, 0x0000000100000000)
  region size 1024K, 57 young (58368K), 9 survivors (9216K)
 Metaspace       used 114139K, committed 116288K, reserved 1179648K
  class space    used 15503K, committed 16576K, reserved 1048576K
}
Event: 28.732 GC heap after
{Heap after GC invocations=55 (full 0):
 garbage-first heap   total 208896K, used 140800K [0x0000000080000000, 0x0000000100000000)
  region size 1024K, 8 young (8192K), 8 survivors (8192K)
 Metaspace       used 114139K, committed 116288K, reserved 1179648K
  class space    used 15503K, committed 16576K, reserved 1048576K
}
Event: 29.192 GC heap before
{Heap before GC invocations=55 (full 0):
 garbage-first heap   total 208896K, used 174592K [0x0000000080000000, 0x0000000100000000)
  region size 1024K, 43 young (44032K), 8 survivors (8192K)
 Metaspace       used 114232K, committed 116352K, reserved 1179648K
  class space    used 15509K, committed 16576K, reserved 1048576K
}
Event: 29.209 GC heap after
{Heap after GC invocations=56 (full 0):
 garbage-first heap   total 208896K, used 151040K [0x0000000080000000, 0x0000000100000000)
  region size 1024K, 6 young (6144K), 6 survivors (6144K)
 Metaspace       used 114232K, committed 116352K, reserved 1179648K
  class space    used 15509K, committed 16576K, reserved 1048576K
}
Event: 30.183 GC heap before
{Heap before GC invocations=57 (full 0):
 garbage-first heap   total 299008K, used 207360K [0x0000000080000000, 0x0000000100000000)
  region size 1024K, 35 young (35840K), 6 survivors (6144K)
 Metaspace       used 116721K, committed 118912K, reserved 1179648K
  class space    used 15731K, committed 16832K, reserved 1048576K
}
Event: 30.200 GC heap after
{Heap after GC invocations=58 (full 0):
 garbage-first heap   total 299008K, used 154495K [0x0000000080000000, 0x0000000100000000)
  region size 1024K, 3 young (3072K), 3 survivors (3072K)
 Metaspace       used 116721K, committed 118912K, reserved 1179648K
  class space    used 15731K, committed 16832K, reserved 1048576K
}
Event: 32.704 GC heap before
{Heap before GC invocations=58 (full 0):
 garbage-first heap   total 299008K, used 257919K [0x0000000080000000, 0x0000000100000000)
  region size 1024K, 105 young (107520K), 3 survivors (3072K)
 Metaspace       used 120034K, committed 122240K, reserved 1179648K
  class space    used 16066K, committed 17152K, reserved 1048576K
}
Event: 32.715 GC heap after
{Heap after GC invocations=59 (full 0):
 garbage-first heap   total 359424K, used 157135K [0x0000000080000000, 0x0000000100000000)
  region size 1024K, 6 young (6144K), 6 survivors (6144K)
 Metaspace       used 120034K, committed 122240K, reserved 1179648K
  class space    used 16066K, committed 17152K, reserved 1048576K
}
Event: 37.313 GC heap before
{Heap before GC invocations=59 (full 0):
 garbage-first heap   total 359424K, used 325071K [0x0000000080000000, 0x0000000100000000)
  region size 1024K, 171 young (175104K), 6 survivors (6144K)
 Metaspace       used 121382K, committed 123584K, reserved 1179648K
  class space    used 16209K, committed 17344K, reserved 1048576K
}
Event: 37.335 GC heap after
{Heap after GC invocations=60 (full 0):
 garbage-first heap   total 359424K, used 166763K [0x0000000080000000, 0x0000000100000000)
  region size 1024K, 15 young (15360K), 15 survivors (15360K)
 Metaspace       used 121382K, committed 123584K, reserved 1179648K
  class space    used 16209K, committed 17344K, reserved 1048576K
}
Event: 39.465 GC heap before
{Heap before GC invocations=60 (full 0):
 garbage-first heap   total 359424K, used 321387K [0x0000000080000000, 0x0000000100000000)
  region size 1024K, 165 young (168960K), 15 survivors (15360K)
 Metaspace       used 126784K, committed 128960K, reserved 1179648K
  class space    used 16691K, committed 17792K, reserved 1048576K
}
Event: 39.493 GC heap after
{Heap after GC invocations=61 (full 0):
 garbage-first heap   total 359424K, used 169472K [0x0000000080000000, 0x0000000100000000)
  region size 1024K, 8 young (8192K), 8 survivors (8192K)
 Metaspace       used 126784K, committed 128960K, reserved 1179648K
  class space    used 16691K, committed 17792K, reserved 1048576K
}
Event: 43.489 GC heap before
{Heap before GC invocations=61 (full 0):
 garbage-first heap   total 359424K, used 208384K [0x0000000080000000, 0x0000000100000000)
  region size 1024K, 48 young (49152K), 8 survivors (8192K)
 Metaspace       used 129155K, committed 131520K, reserved 1179648K
  class space    used 17032K, committed 18240K, reserved 1048576K
}
Event: 43.500 GC heap after
{Heap after GC invocations=62 (full 0):
 garbage-first heap   total 359424K, used 171520K [0x0000000080000000, 0x0000000100000000)
  region size 1024K, 10 young (10240K), 10 survivors (10240K)
 Metaspace       used 129155K, committed 131520K, reserved 1179648K
  class space    used 17032K, committed 18240K, reserved 1048576K
}
Event: 46.279 GC heap before
{Heap before GC invocations=63 (full 0):
 garbage-first heap   total 359424K, used 288256K [0x0000000080000000, 0x0000000100000000)
  region size 1024K, 149 young (152576K), 10 survivors (10240K)
 Metaspace       used 142252K, committed 144576K, reserved 1179648K
  class space    used 18776K, committed 19968K, reserved 1048576K
}
Event: 46.304 GC heap after
{Heap after GC invocations=64 (full 0):
 garbage-first heap   total 359424K, used 154112K [0x0000000080000000, 0x0000000100000000)
  region size 1024K, 19 young (19456K), 19 survivors (19456K)
 Metaspace       used 142252K, committed 144576K, reserved 1179648K
  class space    used 18776K, committed 19968K, reserved 1048576K
}
Event: 1643.293 GC heap before
{Heap before GC invocations=64 (full 0):
 garbage-first heap   total 359424K, used 345600K [0x0000000080000000, 0x0000000100000000)
  region size 1024K, 175 young (179200K), 19 survivors (19456K)
 Metaspace       used 149926K, committed 152320K, reserved 1245184K
  class space    used 19955K, committed 21184K, reserved 1048576K
}
Event: 1643.634 GC heap after
{Heap after GC invocations=65 (full 0):
 garbage-first heap   total 360448K, used 141714K [0x0000000080000000, 0x0000000100000000)
  region size 1024K, 4 young (4096K), 4 survivors (4096K)
 Metaspace       used 149926K, committed 152320K, reserved 1245184K
  class space    used 19955K, committed 21184K, reserved 1048576K
}

